  KeyAndObjUpdate.c
  注意: 包含文件:  d:\gitfile\geometryrun\geometryrun\geometryrun\KeyAndObjUpdate.h
d:\gitfile\geometryrun\geometryrun\geometryrun\gameobjectmanager.h : warning C4819: 该文件包含不能在当前代码页(936)中表示的字符。请将该文件保存为 Unicode 格式以防止数据丢失
  注意: 包含文件:   d:\gitfile\geometryrun\geometryrun\geometryrun\GameObjectManager.h
  注意: 包含文件:    C:\Program Files (x86)\Windows Kits\10\Include\10.0.10240.0\ucrt\stdio.h
  注意: 包含文件:     C:\Program Files (x86)\Windows Kits\10\Include\10.0.10240.0\ucrt\corecrt.h
  注意: 包含文件:      H:\visual studio\VC\include\vcruntime.h
  注意: 包含文件:       H:\visual studio\VC\include\sal.h
  注意: 包含文件:        H:\visual studio\VC\include\ConcurrencySal.h
  注意: 包含文件:       H:\visual studio\VC\include\vadefs.h
  注意: 包含文件:     C:\Program Files (x86)\Windows Kits\10\Include\10.0.10240.0\ucrt\corecrt_wstdio.h
  注意: 包含文件:      C:\Program Files (x86)\Windows Kits\10\Include\10.0.10240.0\ucrt\corecrt_stdio_config.h
  注意: 包含文件:    H:\visual studio\VC\include\stdbool.h
  注意: 包含文件:    d:\gitfile\geometryrun\geometryrun\geometryrun\GameStateList.h
  注意: 包含文件:    d:\gitfile\geometryrun\geometryrun\geometryrun\System.h
  注意: 包含文件:     C:\Program Files (x86)\Windows Kits\8.1\Include\um\Windows.h
  注意: 包含文件:      C:\Program Files (x86)\Windows Kits\8.1\Include\shared\winapifamily.h
  注意: 包含文件:      C:\Program Files (x86)\Windows Kits\8.1\Include\shared\sdkddkver.h
  注意: 包含文件:      H:\visual studio\VC\include\excpt.h
  注意: 包含文件:       H:\visual studio\VC\include\vcruntime.h
  注意: 包含文件:      H:\visual studio\VC\include\stdarg.h
  注意: 包含文件:       H:\visual studio\VC\include\vcruntime.h
  注意: 包含文件:      C:\Program Files (x86)\Windows Kits\8.1\Include\shared\windef.h
  注意: 包含文件:       C:\Program Files (x86)\Windows Kits\8.1\Include\shared\minwindef.h
  注意: 包含文件:        C:\Program Files (x86)\Windows Kits\8.1\Include\shared\specstrings.h
  注意: 包含文件:         C:\Program Files (x86)\Windows Kits\8.1\Include\shared\specstrings_strict.h
  注意: 包含文件:          C:\Program Files (x86)\Windows Kits\8.1\Include\shared\specstrings_undef.h
  注意: 包含文件:         C:\Program Files (x86)\Windows Kits\8.1\Include\shared\driverspecs.h
  注意: 包含文件:          c:\program files (x86)\windows kits\8.1\include\shared\sdv_driverspecs.h
  注意: 包含文件:        C:\Program Files (x86)\Windows Kits\8.1\Include\um\winnt.h
  注意: 包含文件:         C:\Program Files (x86)\Windows Kits\10\Include\10.0.10240.0\ucrt\ctype.h
  注意: 包含文件:          C:\Program Files (x86)\Windows Kits\10\Include\10.0.10240.0\ucrt\corecrt_wctype.h
  注意: 包含文件:         C:\Program Files (x86)\Windows Kits\8.1\Include\shared\kernelspecs.h
  注意: 包含文件:         C:\Program Files (x86)\Windows Kits\8.1\Include\shared\basetsd.h
  注意: 包含文件:         C:\Program Files (x86)\Windows Kits\8.1\Include\shared\guiddef.h
  注意: 包含文件:          C:\Program Files (x86)\Windows Kits\10\Include\10.0.10240.0\ucrt\string.h
  注意: 包含文件:           C:\Program Files (x86)\Windows Kits\10\Include\10.0.10240.0\ucrt\corecrt_memory.h
  注意: 包含文件:            C:\Program Files (x86)\Windows Kits\10\Include\10.0.10240.0\ucrt\corecrt_memcpy_s.h
  注意: 包含文件:             C:\Program Files (x86)\Windows Kits\10\Include\10.0.10240.0\ucrt\errno.h
  注意: 包含文件:             H:\visual studio\VC\include\vcruntime_string.h
  注意: 包含文件:              H:\visual studio\VC\include\vcruntime.h
  注意: 包含文件:           C:\Program Files (x86)\Windows Kits\10\Include\10.0.10240.0\ucrt\corecrt_wstring.h
  注意: 包含文件:         c:\program files (x86)\windows kits\8.1\include\shared\pshpack4.h
  注意: 包含文件:         c:\program files (x86)\windows kits\8.1\include\shared\poppack.h
  注意: 包含文件:         c:\program files (x86)\windows kits\8.1\include\shared\pshpack4.h
  注意: 包含文件:         c:\program files (x86)\windows kits\8.1\include\shared\poppack.h
  注意: 包含文件:         C:\Program Files (x86)\Windows Kits\8.1\Include\shared\pshpack4.h
  注意: 包含文件:         C:\Program Files (x86)\Windows Kits\8.1\Include\shared\poppack.h
  注意: 包含文件:         c:\program files (x86)\windows kits\8.1\include\shared\pshpack4.h
  注意: 包含文件:         c:\program files (x86)\windows kits\8.1\include\shared\pshpack2.h
  注意: 包含文件:         c:\program files (x86)\windows kits\8.1\include\shared\poppack.h
  注意: 包含文件:         c:\program files (x86)\windows kits\8.1\include\shared\pshpack2.h
  注意: 包含文件:         C:\Program Files (x86)\Windows Kits\8.1\Include\shared\pshpack2.h
  注意: 包含文件:         C:\Program Files (x86)\Windows Kits\8.1\Include\shared\poppack.h
  注意: 包含文件:         c:\program files (x86)\windows kits\8.1\include\shared\poppack.h
  注意: 包含文件:         c:\program files (x86)\windows kits\8.1\include\shared\pshpack8.h
  注意: 包含文件:         c:\program files (x86)\windows kits\8.1\include\shared\poppack.h
  注意: 包含文件:         c:\program files (x86)\windows kits\8.1\include\shared\poppack.h
  注意: 包含文件:         C:\Program Files (x86)\Windows Kits\8.1\Include\shared\apiset.h
  注意: 包含文件:         C:\Program Files (x86)\Windows Kits\8.1\Include\shared\ktmtypes.h
  注意: 包含文件:      C:\Program Files (x86)\Windows Kits\8.1\Include\um\winbase.h
  注意: 包含文件:       C:\Program Files (x86)\Windows Kits\8.1\Include\shared\apisetcconv.h
  注意: 包含文件:       C:\Program Files (x86)\Windows Kits\8.1\Include\um\minwinbase.h
  注意: 包含文件:       C:\Program Files (x86)\Windows Kits\8.1\Include\um\processenv.h
  注意: 包含文件:       C:\Program Files (x86)\Windows Kits\8.1\Include\um\fileapi.h
  注意: 包含文件:       C:\Program Files (x86)\Windows Kits\8.1\Include\um\debugapi.h
  注意: 包含文件:       C:\Program Files (x86)\Windows Kits\8.1\Include\um\utilapiset.h
  注意: 包含文件:       C:\Program Files (x86)\Windows Kits\8.1\Include\um\handleapi.h
  注意: 包含文件:       C:\Program Files (x86)\Windows Kits\8.1\Include\um\errhandlingapi.h
  注意: 包含文件:       C:\Program Files (x86)\Windows Kits\8.1\Include\um\fibersapi.h
  注意: 包含文件:       C:\Program Files (x86)\Windows Kits\8.1\Include\um\namedpipeapi.h
  注意: 包含文件:       C:\Program Files (x86)\Windows Kits\8.1\Include\um\profileapi.h
  注意: 包含文件:       C:\Program Files (x86)\Windows Kits\8.1\Include\um\heapapi.h
  注意: 包含文件:       C:\Program Files (x86)\Windows Kits\8.1\Include\um\ioapiset.h
  注意: 包含文件:       C:\Program Files (x86)\Windows Kits\8.1\Include\um\synchapi.h
  注意: 包含文件:       C:\Program Files (x86)\Windows Kits\8.1\Include\um\interlockedapi.h
  注意: 包含文件:       C:\Program Files (x86)\Windows Kits\8.1\Include\um\processthreadsapi.h
  注意: 包含文件:       C:\Program Files (x86)\Windows Kits\8.1\Include\um\sysinfoapi.h
  注意: 包含文件:       C:\Program Files (x86)\Windows Kits\8.1\Include\um\memoryapi.h
  注意: 包含文件:       C:\Program Files (x86)\Windows Kits\8.1\Include\um\threadpoollegacyapiset.h
  注意: 包含文件:       C:\Program Files (x86)\Windows Kits\8.1\Include\um\threadpoolapiset.h
  注意: 包含文件:       C:\Program Files (x86)\Windows Kits\8.1\Include\um\bemapiset.h
  注意: 包含文件:       C:\Program Files (x86)\Windows Kits\8.1\Include\um\jobapi.h
  注意: 包含文件:       C:\Program Files (x86)\Windows Kits\8.1\Include\um\wow64apiset.h
  注意: 包含文件:       C:\Program Files (x86)\Windows Kits\8.1\Include\um\libloaderapi.h
  注意: 包含文件:       C:\Program Files (x86)\Windows Kits\8.1\Include\um\securitybaseapi.h
  注意: 包含文件:       C:\Program Files (x86)\Windows Kits\8.1\Include\um\namespaceapi.h
  注意: 包含文件:       C:\Program Files (x86)\Windows Kits\8.1\Include\um\systemtopologyapi.h
  注意: 包含文件:       C:\Program Files (x86)\Windows Kits\8.1\Include\um\processtopologyapi.h
  注意: 包含文件:       C:\Program Files (x86)\Windows Kits\8.1\Include\um\securityappcontainer.h
  注意: 包含文件:       C:\Program Files (x86)\Windows Kits\8.1\Include\um\realtimeapiset.h
  注意: 包含文件:       C:\Program Files (x86)\Windows Kits\8.1\Include\shared\winerror.h
  注意: 包含文件:       C:\Program Files (x86)\Windows Kits\8.1\Include\um\timezoneapi.h
  注意: 包含文件:      C:\Program Files (x86)\Windows Kits\8.1\Include\um\wingdi.h
  注意: 包含文件:       C:\Program Files (x86)\Windows Kits\8.1\Include\shared\pshpack1.h
  注意: 包含文件:       C:\Program Files (x86)\Windows Kits\8.1\Include\shared\poppack.h
  注意: 包含文件:       C:\Program Files (x86)\Windows Kits\8.1\Include\shared\pshpack2.h
  注意: 包含文件:       C:\Program Files (x86)\Windows Kits\8.1\Include\shared\poppack.h
  注意: 包含文件:       C:\Program Files (x86)\Windows Kits\8.1\Include\shared\pshpack2.h
  注意: 包含文件:       C:\Program Files (x86)\Windows Kits\8.1\Include\shared\poppack.h
  注意: 包含文件:       C:\Program Files (x86)\Windows Kits\8.1\Include\shared\pshpack4.h
  注意: 包含文件:       C:\Program Files (x86)\Windows Kits\8.1\Include\shared\poppack.h
  注意: 包含文件:       C:\Program Files (x86)\Windows Kits\8.1\Include\shared\pshpack4.h
  注意: 包含文件:       C:\Program Files (x86)\Windows Kits\8.1\Include\shared\poppack.h
  注意: 包含文件:      C:\Program Files (x86)\Windows Kits\8.1\Include\um\winuser.h
  注意: 包含文件:       C:\Program Files (x86)\Windows Kits\8.1\Include\shared\pshpack2.h
  注意: 包含文件:       C:\Program Files (x86)\Windows Kits\8.1\Include\shared\poppack.h
c:\program files (x86)\windows kits\8.1\include\um\winuser.h(9067): warning C4005: “COLOR_BACKGROUND”: 宏重定义
  d:\gitfile\geometryrun\geometryrun\geometryrun\gameobjectmanager.h(16): note: 参见“COLOR_BACKGROUND”的前一个定义
  注意: 包含文件:       C:\Program Files (x86)\Windows Kits\8.1\Include\shared\tvout.h
  注意: 包含文件:      C:\Program Files (x86)\Windows Kits\8.1\Include\um\winnls.h
  注意: 包含文件:       C:\Program Files (x86)\Windows Kits\8.1\Include\um\datetimeapi.h
  注意: 包含文件:       C:\Program Files (x86)\Windows Kits\8.1\Include\um\stringapiset.h
  注意: 包含文件:        C:\Program Files (x86)\Windows Kits\8.1\Include\um\winnls.h
  注意: 包含文件:      C:\Program Files (x86)\Windows Kits\8.1\Include\um\wincon.h
  注意: 包含文件:       C:\Program Files (x86)\Windows Kits\8.1\Include\um\consoleapi.h
  注意: 包含文件:      C:\Program Files (x86)\Windows Kits\8.1\Include\um\winver.h
  注意: 包含文件:       C:\Program Files (x86)\Windows Kits\8.1\Include\um\verrsrc.h
  注意: 包含文件:      C:\Program Files (x86)\Windows Kits\8.1\Include\um\winreg.h
  注意: 包含文件:       C:\Program Files (x86)\Windows Kits\8.1\Include\um\reason.h
  注意: 包含文件:      C:\Program Files (x86)\Windows Kits\8.1\Include\um\winnetwk.h
  注意: 包含文件:       C:\Program Files (x86)\Windows Kits\8.1\Include\shared\wnnc.h
  注意: 包含文件:      C:\Program Files (x86)\Windows Kits\8.1\Include\shared\cderr.h
  注意: 包含文件:      C:\Program Files (x86)\Windows Kits\8.1\Include\um\dde.h
  注意: 包含文件:      C:\Program Files (x86)\Windows Kits\8.1\Include\um\ddeml.h
  注意: 包含文件:      C:\Program Files (x86)\Windows Kits\8.1\Include\um\dlgs.h
  注意: 包含文件:      C:\Program Files (x86)\Windows Kits\8.1\Include\um\lzexpand.h
  注意: 包含文件:      C:\Program Files (x86)\Windows Kits\8.1\Include\um\mmsystem.h
  注意: 包含文件:       C:\Program Files (x86)\Windows Kits\8.1\Include\um\mmsyscom.h
  注意: 包含文件:        C:\Program Files (x86)\Windows Kits\8.1\Include\shared\pshpack1.h
  注意: 包含文件:        C:\Program Files (x86)\Windows Kits\8.1\Include\shared\poppack.h
  注意: 包含文件:       C:\Program Files (x86)\Windows Kits\8.1\Include\shared\pshpack1.h
  注意: 包含文件:       C:\Program Files (x86)\Windows Kits\8.1\Include\um\mciapi.h
  注意: 包含文件:        C:\Program Files (x86)\Windows Kits\8.1\Include\um\mmsyscom.h
  注意: 包含文件:       C:\Program Files (x86)\Windows Kits\8.1\Include\um\mmiscapi.h
  注意: 包含文件:        C:\Program Files (x86)\Windows Kits\8.1\Include\um\mmsyscom.h
  注意: 包含文件:       C:\Program Files (x86)\Windows Kits\8.1\Include\um\mmiscapi2.h
  注意: 包含文件:        C:\Program Files (x86)\Windows Kits\8.1\Include\um\mmsyscom.h
  注意: 包含文件:       C:\Program Files (x86)\Windows Kits\8.1\Include\um\playsoundapi.h
  注意: 包含文件:        C:\Program Files (x86)\Windows Kits\8.1\Include\um\mmsyscom.h
  注意: 包含文件:       C:\Program Files (x86)\Windows Kits\8.1\Include\um\mmeapi.h
  注意: 包含文件:        C:\Program Files (x86)\Windows Kits\8.1\Include\um\mmsyscom.h
  注意: 包含文件:       C:\Program Files (x86)\Windows Kits\8.1\Include\um\timeapi.h
  注意: 包含文件:        C:\Program Files (x86)\Windows Kits\8.1\Include\um\mmsyscom.h
  注意: 包含文件:       C:\Program Files (x86)\Windows Kits\8.1\Include\um\joystickapi.h
  注意: 包含文件:        C:\Program Files (x86)\Windows Kits\8.1\Include\um\mmsyscom.h
  注意: 包含文件:       C:\Program Files (x86)\Windows Kits\8.1\Include\shared\poppack.h
  注意: 包含文件:      C:\Program Files (x86)\Windows Kits\8.1\Include\um\nb30.h
  注意: 包含文件:      C:\Program Files (x86)\Windows Kits\8.1\Include\shared\rpc.h
  注意: 包含文件:       C:\Program Files (x86)\Windows Kits\8.1\Include\shared\rpcdce.h
  注意: 包含文件:        C:\Program Files (x86)\Windows Kits\8.1\Include\shared\rpcdcep.h
  注意: 包含文件:       C:\Program Files (x86)\Windows Kits\8.1\Include\um\rpcnsi.h
  注意: 包含文件:       C:\Program Files (x86)\Windows Kits\8.1\Include\shared\rpcnterr.h
  注意: 包含文件:       C:\Program Files (x86)\Windows Kits\8.1\Include\shared\rpcasync.h
  注意: 包含文件:      C:\Program Files (x86)\Windows Kits\8.1\Include\um\shellapi.h
  注意: 包含文件:       C:\Program Files (x86)\Windows Kits\8.1\Include\shared\pshpack1.h
  注意: 包含文件:       C:\Program Files (x86)\Windows Kits\8.1\Include\shared\poppack.h
  注意: 包含文件:      C:\Program Files (x86)\Windows Kits\8.1\Include\um\winperf.h
  注意: 包含文件:       C:\Program Files (x86)\Windows Kits\8.1\Include\shared\pshpack8.h
  注意: 包含文件:       C:\Program Files (x86)\Windows Kits\8.1\Include\shared\poppack.h
  注意: 包含文件:      C:\Program Files (x86)\Windows Kits\8.1\Include\um\winsock.h
  注意: 包含文件:       C:\Program Files (x86)\Windows Kits\8.1\Include\shared\inaddr.h
  注意: 包含文件:      C:\Program Files (x86)\Windows Kits\8.1\Include\um\wincrypt.h
  注意: 包含文件:       C:\Program Files (x86)\Windows Kits\8.1\Include\shared\bcrypt.h
  注意: 包含文件:       C:\Program Files (x86)\Windows Kits\8.1\Include\um\ncrypt.h
  注意: 包含文件:       C:\Program Files (x86)\Windows Kits\8.1\Include\um\dpapi.h
  注意: 包含文件:      C:\Program Files (x86)\Windows Kits\8.1\Include\um\winefs.h
  注意: 包含文件:      C:\Program Files (x86)\Windows Kits\8.1\Include\um\winscard.h
  注意: 包含文件:       C:\Program Files (x86)\Windows Kits\8.1\Include\shared\wtypes.h
  注意: 包含文件:        c:\program files (x86)\windows kits\8.1\include\shared\rpcndr.h
  注意: 包含文件:         C:\Program Files (x86)\Windows Kits\8.1\Include\shared\pshpack8.h
  注意: 包含文件:         C:\Program Files (x86)\Windows Kits\8.1\Include\um\rpcnsip.h
  注意: 包含文件:         C:\Program Files (x86)\Windows Kits\8.1\Include\shared\rpcsal.h
  注意: 包含文件:         C:\Program Files (x86)\Windows Kits\8.1\Include\shared\poppack.h
  注意: 包含文件:        c:\program files (x86)\windows kits\8.1\include\shared\wtypesbase.h
  注意: 包含文件:         c:\program files (x86)\windows kits\8.1\include\shared\guiddef.h
  注意: 包含文件:       C:\Program Files (x86)\Windows Kits\8.1\Include\um\winioctl.h
  注意: 包含文件:        C:\Program Files (x86)\Windows Kits\8.1\Include\shared\pshpack1.h
  注意: 包含文件:        C:\Program Files (x86)\Windows Kits\8.1\Include\shared\poppack.h
  注意: 包含文件:        C:\Program Files (x86)\Windows Kits\8.1\Include\shared\pshpack1.h
  注意: 包含文件:        C:\Program Files (x86)\Windows Kits\8.1\Include\shared\poppack.h
  注意: 包含文件:        C:\Program Files (x86)\Windows Kits\8.1\Include\shared\pshpack1.h
  注意: 包含文件:        C:\Program Files (x86)\Windows Kits\8.1\Include\shared\poppack.h
  注意: 包含文件:        C:\Program Files (x86)\Windows Kits\8.1\Include\shared\pshpack1.h
  注意: 包含文件:        C:\Program Files (x86)\Windows Kits\8.1\Include\shared\poppack.h
  注意: 包含文件:        C:\Program Files (x86)\Windows Kits\8.1\Include\shared\pshpack1.h
  注意: 包含文件:        C:\Program Files (x86)\Windows Kits\8.1\Include\shared\poppack.h
  注意: 包含文件:        C:\Program Files (x86)\Windows Kits\8.1\Include\shared\pshpack1.h
  注意: 包含文件:        C:\Program Files (x86)\Windows Kits\8.1\Include\shared\poppack.h
  注意: 包含文件:        C:\Program Files (x86)\Windows Kits\8.1\Include\shared\pshpack1.h
  注意: 包含文件:        C:\Program Files (x86)\Windows Kits\8.1\Include\shared\poppack.h
  注意: 包含文件:       C:\Program Files (x86)\Windows Kits\8.1\Include\shared\winsmcrd.h
  注意: 包含文件:      C:\Program Files (x86)\Windows Kits\8.1\Include\um\winspool.h
  注意: 包含文件:       C:\Program Files (x86)\Windows Kits\8.1\Include\um\prsht.h
  注意: 包含文件:        C:\Program Files (x86)\Windows Kits\8.1\Include\shared\pshpack4.h
  注意: 包含文件:        C:\Program Files (x86)\Windows Kits\8.1\Include\shared\poppack.h
  注意: 包含文件:      C:\Program Files (x86)\Windows Kits\8.1\Include\um\ole2.h
  注意: 包含文件:       C:\Program Files (x86)\Windows Kits\8.1\Include\shared\pshpack8.h
  注意: 包含文件:       C:\Program Files (x86)\Windows Kits\8.1\Include\um\objbase.h
  注意: 包含文件:        C:\Program Files (x86)\Windows Kits\8.1\Include\shared\pshpack8.h
  注意: 包含文件:        C:\Program Files (x86)\Windows Kits\8.1\Include\um\combaseapi.h
  注意: 包含文件:         C:\Program Files (x86)\Windows Kits\8.1\Include\shared\pshpack8.h
  注意: 包含文件:         C:\Program Files (x86)\Windows Kits\10\Include\10.0.10240.0\ucrt\stdlib.h
  注意: 包含文件:          C:\Program Files (x86)\Windows Kits\10\Include\10.0.10240.0\ucrt\corecrt_malloc.h
  注意: 包含文件:          C:\Program Files (x86)\Windows Kits\10\Include\10.0.10240.0\ucrt\corecrt_search.h
  注意: 包含文件:           C:\Program Files (x86)\Windows Kits\10\Include\10.0.10240.0\ucrt\stddef.h
  注意: 包含文件:          C:\Program Files (x86)\Windows Kits\10\Include\10.0.10240.0\ucrt\corecrt_wstdlib.h
  注意: 包含文件:          H:\visual studio\VC\include\limits.h
  注意: 包含文件:           H:\visual studio\VC\include\vcruntime.h
  注意: 包含文件:         C:\Program Files (x86)\Windows Kits\8.1\Include\um\unknwnbase.h
  注意: 包含文件:         C:\Program Files (x86)\Windows Kits\8.1\Include\um\objidlbase.h
  注意: 包含文件:         C:\Program Files (x86)\Windows Kits\8.1\Include\shared\guiddef.h
  注意: 包含文件:         C:\Program Files (x86)\Windows Kits\8.1\Include\um\cguid.h
  注意: 包含文件:         C:\Program Files (x86)\Windows Kits\8.1\Include\shared\poppack.h
  注意: 包含文件:        C:\Program Files (x86)\Windows Kits\8.1\Include\um\objidl.h
  注意: 包含文件:         c:\program files (x86)\windows kits\8.1\include\um\unknwn.h
  注意: 包含文件:        C:\Program Files (x86)\Windows Kits\8.1\Include\um\urlmon.h
  注意: 包含文件:         c:\program files (x86)\windows kits\8.1\include\um\oleidl.h
  注意: 包含文件:         c:\program files (x86)\windows kits\8.1\include\um\servprov.h
  注意: 包含文件:         c:\program files (x86)\windows kits\8.1\include\um\msxml.h
  注意: 包含文件:          c:\program files (x86)\windows kits\8.1\include\um\oaidl.h
  注意: 包含文件:        C:\Program Files (x86)\Windows Kits\8.1\Include\um\propidl.h
  注意: 包含文件:        C:\Program Files (x86)\Windows Kits\8.1\Include\shared\poppack.h
  注意: 包含文件:       C:\Program Files (x86)\Windows Kits\8.1\Include\um\oleauto.h
  注意: 包含文件:        C:\Program Files (x86)\Windows Kits\8.1\Include\shared\pshpack8.h
  注意: 包含文件:        C:\Program Files (x86)\Windows Kits\8.1\Include\shared\poppack.h
  注意: 包含文件:       C:\Program Files (x86)\Windows Kits\8.1\Include\shared\poppack.h
  注意: 包含文件:      C:\Program Files (x86)\Windows Kits\8.1\Include\um\commdlg.h
  注意: 包含文件:       C:\Program Files (x86)\Windows Kits\8.1\Include\um\prsht.h
  注意: 包含文件:       C:\Program Files (x86)\Windows Kits\8.1\Include\shared\pshpack1.h
  注意: 包含文件:       C:\Program Files (x86)\Windows Kits\8.1\Include\shared\poppack.h
  注意: 包含文件:      C:\Program Files (x86)\Windows Kits\8.1\Include\shared\stralign.h
  注意: 包含文件:      C:\Program Files (x86)\Windows Kits\8.1\Include\um\winsvc.h
  注意: 包含文件:      C:\Program Files (x86)\Windows Kits\8.1\Include\um\mcx.h
  注意: 包含文件:      C:\Program Files (x86)\Windows Kits\8.1\Include\um\imm.h
  注意: 包含文件:       C:\Program Files (x86)\Windows Kits\8.1\Include\um\ime_cmodes.h
  注意: 包含文件:    d:\gitfile\geometryrun\geometryrun\geometryrun\AEEngine.h
  注意: 包含文件:     C:\Program Files (x86)\Windows Kits\10\Include\10.0.10240.0\ucrt\assert.h
  注意: 包含文件:     d:\gitfile\geometryrun\geometryrun\geometryrun\AEExport.h
  注意: 包含文件:     C:\Program Files (x86)\Windows Kits\8.1\Include\shared\windowsx.h
  注意: 包含文件:     d:\gitfile\geometryrun\geometryrun\geometryrun\AETypes.h
  注意: 包含文件:     d:\gitfile\geometryrun\geometryrun\geometryrun\AEMath.h
  注意: 包含文件:      d:\gitfile\geometryrun\geometryrun\geometryrun\AEVec2.h
  注意: 包含文件:      d:\gitfile\geometryrun\geometryrun\geometryrun\AEMtx33.h
  注意: 包含文件:      d:\gitfile\geometryrun\geometryrun\geometryrun\AELineSegment2.h
  注意: 包含文件:      C:\Program Files (x86)\Windows Kits\10\Include\10.0.10240.0\ucrt\float.h
  注意: 包含文件:      C:\Program Files (x86)\Windows Kits\10\Include\10.0.10240.0\ucrt\math.h
  注意: 包含文件:     d:\gitfile\geometryrun\geometryrun\geometryrun\AEUtil.h
  注意: 包含文件:     d:\gitfile\geometryrun\geometryrun\geometryrun\AEFrameRateController.h
  注意: 包含文件:     d:\gitfile\geometryrun\geometryrun\geometryrun\AESystem.h
  注意: 包含文件:     d:\gitfile\geometryrun\geometryrun\geometryrun\AEGraphics.h
  注意: 包含文件:     d:\gitfile\geometryrun\geometryrun\geometryrun\AEInput.h
  注意: 包含文件:     d:\gitfile\geometryrun\geometryrun\geometryrun\AEGameStateMgr.h
d:\gitfile\geometryrun\geometryrun\geometryrun\gameobjectmanager.h : warning C4819: 该文件包含不能在当前代码页(936)中表示的字符。请将该文件保存为 Unicode 格式以防止数据丢失
  注意: 包含文件:    d:\gitfile\geometryrun\geometryrun\geometryrun\GameObjectManager.h
  注意: 包含文件:    d:\gitfile\geometryrun\geometryrun\geometryrun\Vector2D.h
  注意: 包含文件:     C:\Program Files (x86)\Windows Kits\10\Include\10.0.10240.0\ucrt\math.h
d:\gitfile\geometryrun\geometryrun\geometryrun\matrix2d.h : warning C4819: 该文件包含不能在当前代码页(936)中表示的字符。请将该文件保存为 Unicode 格式以防止数据丢失
  注意: 包含文件:    d:\gitfile\geometryrun\geometryrun\geometryrun\Matrix2D.h
d:\gitfile\geometryrun\geometryrun\geometryrun\matrix2d.h(4): warning C4005: “PI”: 宏重定义
  d:\gitfile\geometryrun\geometryrun\geometryrun\aeexport.h(20): note: 参见“PI”的前一个定义
d:\gitfile\geometryrun\geometryrun\geometryrun\math2d.h : warning C4819: 该文件包含不能在当前代码页(936)中表示的字符。请将该文件保存为 Unicode 格式以防止数据丢失
  注意: 包含文件:    d:\gitfile\geometryrun\geometryrun\geometryrun\Math2D.h
  注意: 包含文件:    C:\Program Files (x86)\Windows Kits\10\Include\10.0.10240.0\ucrt\time.h
  注意: 包含文件:     C:\Program Files (x86)\Windows Kits\10\Include\10.0.10240.0\ucrt\corecrt_wtime.h
  注意: 包含文件:   d:\gitfile\geometryrun\geometryrun\geometryrun\Input.h
d:\gitfile\geometryrun\geometryrun\geometryrun\keyandobjupdate.c(95): warning C4244: “初始化”: 从“double”转换到“float”，可能丢失数据
  GeometryRun.vcxproj -> D:\GitFile\GeometryRun\GeometryRun\Debug\GeometryRun.exe
  GeometryRun.vcxproj -> D:\GitFile\GeometryRun\GeometryRun\Debug\GeometryRun.pdb (Full PDB)
